<?xml version="1.0" encoding="UTF-8"?>
<testsuite name="com.company.update.MoveUpdateTest" tests="4" skipped="0" failures="0" errors="0" timestamp="2018-10-15T02:52:42" hostname="DESKTOP-7LGOKB8" time="0.002">
  <properties/>
  <testcase name="autoMovesIfAllowed" classname="com.company.update.MoveUpdateTest" time="0.002"/>
  <testcase name="autoDoesNotMoveIfTargetLocationIsNotEmpty" classname="com.company.update.MoveUpdateTest" time="0.0"/>
  <testcase name="autoDoesNotMoveIfEnergyBelow30" classname="com.company.update.MoveUpdateTest" time="0.0"/>
  <testcase name="autoDoesNotMoveIfNotOnMap" classname="com.company.update.MoveUpdateTest" time="0.0"/>
  <system-out><![CDATA[]]></system-out>
  <system-err><![CDATA[]]></system-err>
</testsuite>
