<?xml version="1.0" encoding="UTF-8"?>
<testsuite name="test.com.company.simmap.LocationTest" tests="3" skipped="0" failures="0" errors="0" timestamp="2018-10-15T02:52:42" hostname="DESKTOP-7LGOKB8" time="0.0">
  <properties/>
  <testcase name="distanceReturnsZeroWhenLocationsAreTheSame" classname="test.com.company.simmap.LocationTest" time="0.0"/>
  <testcase name="distanceReturnsTwoWhenLocationsAreDiagonal" classname="test.com.company.simmap.LocationTest" time="0.0"/>
  <testcase name="distanceReturnsOneWhenLocationsAreOneXApart" classname="test.com.company.simmap.LocationTest" time="0.0"/>
  <system-out><![CDATA[]]></system-out>
  <system-err><![CDATA[]]></system-err>
</testsuite>
